<?xml version="1.0" encoding="UTF-8"?>
<!-- Generated by org.testng.reporters.JUnitReportReporter -->
<testsuite hostname="SaiPriya-pc" name="com.bayamp.java.package1.Exercise1" tests="1" failures="0" timestamp="17 Nov 2014 22:18:34 GMT" time="0.004" errors="0">
  <testcase name="test" time="0.004" classname="com.bayamp.java.package1.Exercise1"/>
</testsuite> <!-- com.bayamp.java.package1.Exercise1 -->
