<?xml version="1.0" encoding="UTF-8"?>
<!-- Generated by org.testng.reporters.JUnitReportReporter -->
<testsuite hostname="SaiPriya-pc" name="com.bayamp.java.package1.BinarySearch" tests="1" failures="0" timestamp="21 Nov 2014 17:44:59 GMT" time="0.008" errors="0">
  <testcase name="charBinarySearch" time="0.008" classname="com.bayamp.java.package1.BinarySearch"/>
</testsuite> <!-- com.bayamp.java.package1.BinarySearch -->
